# JRE version: OpenJDK Runtime Environment (21.0.3) (build 21.0.3+-12282718-b509.11)
# Java VM: OpenJDK 64-Bit Server VM (21.0.3+-12282718-b509.11, mixed mode, tiered, compressed oops, compressed class ptrs, g1 gc, windows-amd64)
GC Precious Log:
 CardTable entry size: 512
 Card Set container configuration: InlinePtr #cards 5 size 8 Array Of Cards #cards 12 size 40 Howl #buckets 4 coarsen threshold 1843 Howl Bitmap #cards 512 size 80 coarsen threshold 460 Card regions per heap region 1 cards per card region 2048
 CPUs: 16 total, 16 available
 Memory: 15789M
 Large Page Support: Disabled
 NUMA Support: Disabled
 Compressed Oops: Enabled (32-bit)
 Heap Region Size: 1M
 Heap Min Capacity: 8M
 Heap Initial Capacity: 248M
 Heap Max Capacity: 2G
 Pre-touch: Disabled
 Parallel Workers: 13
 Concurrent Workers: 3
 Concurrent Refinement Workers: 13
 Periodic GC: Disabled
Heap:
 garbage-first heap   total 254976K, used 190411K [0x0000000080000000, 0x0000000100000000)
  region size 1024K, 88 young (90112K), 15 survivors (15360K)
 Metaspace       used 130057K, committed 132480K, reserved 1179648K
  class space    used 17284K, committed 18560K, reserved 1048576K
GC Heap History (20 events):
Event: 8.056 GC heap before
{Heap before GC invocations=28 (full 0):
 garbage-first heap   total 167936K, used 118911K [0x0000000080000000, 0x0000000100000000)
  region size 1024K, 29 young (29696K), 8 survivors (8192K)
 Metaspace       used 82389K, committed 84288K, reserved 1179648K
  class space    used 10971K, committed 11968K, reserved 1048576K
}
Event: 8.064 GC heap after
{Heap after GC invocations=29 (full 0):
 garbage-first heap   total 167936K, used 106466K [0x0000000080000000, 0x0000000100000000)
  region size 1024K, 7 young (7168K), 7 survivors (7168K)
 Metaspace       used 82389K, committed 84288K, reserved 1179648K
  class space    used 10971K, committed 11968K, reserved 1048576K
}
Event: 8.334 GC heap before
{Heap before GC invocations=30 (full 0):
 garbage-first heap   total 211968K, used 161762K [0x0000000080000000, 0x0000000100000000)
  region size 1024K, 47 young (48128K), 7 survivors (7168K)
 Metaspace       used 86117K, committed 87936K, reserved 1179648K
  class space    used 11353K, committed 12288K, reserved 1048576K
}
Event: 8.342 GC heap after
{Heap after GC invocations=31 (full 0):
 garbage-first heap   total 211968K, used 109420K [0x0000000080000000, 0x0000000100000000)
  region size 1024K, 4 young (4096K), 4 survivors (4096K)
 Metaspace       used 86117K, committed 87936K, reserved 1179648K
  class space    used 11353K, committed 12288K, reserved 1048576K
}
Event: 8.790 GC heap before
{Heap before GC invocations=31 (full 0):
 garbage-first heap   total 211968K, used 181100K [0x0000000080000000, 0x0000000100000000)
  region size 1024K, 75 young (76800K), 4 survivors (4096K)
 Metaspace       used 88723K, committed 90560K, reserved 1179648K
  class space    used 11654K, committed 12608K, reserved 1048576K
}
Event: 8.801 GC heap after
{Heap after GC invocations=32 (full 0):
 garbage-first heap   total 211968K, used 120110K [0x0000000080000000, 0x0000000100000000)
  region size 1024K, 10 young (10240K), 10 survivors (10240K)
 Metaspace       used 88723K, committed 90560K, reserved 1179648K
  class space    used 11654K, committed 12608K, reserved 1048576K
}
Event: 9.397 GC heap before
{Heap before GC invocations=32 (full 0):
 garbage-first heap   total 211968K, used 182574K [0x0000000080000000, 0x0000000100000000)
  region size 1024K, 72 young (73728K), 10 survivors (10240K)
 Metaspace       used 92870K, committed 94720K, reserved 1179648K
  class space    used 12232K, committed 13184K, reserved 1048576K
}
Event: 9.405 GC heap after
{Heap after GC invocations=33 (full 0):
 garbage-first heap   total 254976K, used 119752K [0x0000000080000000, 0x0000000100000000)
  region size 1024K, 7 young (7168K), 7 survivors (7168K)
 Metaspace       used 92870K, committed 94720K, reserved 1179648K
  class space    used 12232K, committed 13184K, reserved 1048576K
}
Event: 11.426 GC heap before
{Heap before GC invocations=33 (full 0):
 garbage-first heap   total 254976K, used 213960K [0x0000000080000000, 0x0000000100000000)
  region size 1024K, 100 young (102400K), 7 survivors (7168K)
 Metaspace       used 94277K, committed 96192K, reserved 1179648K
  class space    used 12370K, committed 13376K, reserved 1048576K
}
Event: 11.432 GC heap after
{Heap after GC invocations=34 (full 0):
 garbage-first heap   total 254976K, used 123594K [0x0000000080000000, 0x0000000100000000)
  region size 1024K, 10 young (10240K), 10 survivors (10240K)
 Metaspace       used 94277K, committed 96192K, reserved 1179648K
  class space    used 12370K, committed 13376K, reserved 1048576K
}
Event: 162.572 GC heap before
{Heap before GC invocations=35 (full 0):
 garbage-first heap   total 254976K, used 217802K [0x0000000080000000, 0x0000000100000000)
  region size 1024K, 108 young (110592K), 10 survivors (10240K)
 Metaspace       used 104248K, committed 106176K, reserved 1179648K
  class space    used 13446K, committed 14400K, reserved 1048576K
}
Event: 162.579 GC heap after
{Heap after GC invocations=36 (full 0):
 garbage-first heap   total 254976K, used 122252K [0x0000000080000000, 0x0000000100000000)
  region size 1024K, 11 young (11264K), 11 survivors (11264K)
 Metaspace       used 104248K, committed 106176K, reserved 1179648K
  class space    used 13446K, committed 14400K, reserved 1048576K
}
Event: 163.712 GC heap before
{Heap before GC invocations=36 (full 0):
 garbage-first heap   total 254976K, used 225676K [0x0000000080000000, 0x0000000100000000)
  region size 1024K, 113 young (115712K), 11 survivors (11264K)
 Metaspace       used 113257K, committed 115456K, reserved 1179648K
  class space    used 14916K, committed 16064K, reserved 1048576K
}
Event: 163.720 GC heap after
{Heap after GC invocations=37 (full 0):
 garbage-first heap   total 254976K, used 102158K [0x0000000080000000, 0x0000000100000000)
  region size 1024K, 13 young (13312K), 13 survivors (13312K)
 Metaspace       used 113257K, committed 115456K, reserved 1179648K
  class space    used 14916K, committed 16064K, reserved 1048576K
}
Event: 164.078 GC heap before
{Heap before GC invocations=37 (full 0):
 garbage-first heap   total 254976K, used 225038K [0x0000000080000000, 0x0000000100000000)
  region size 1024K, 134 young (137216K), 13 survivors (13312K)
 Metaspace       used 113634K, committed 115840K, reserved 1179648K
  class space    used 14933K, committed 16064K, reserved 1048576K
}
Event: 164.091 GC heap after
{Heap after GC invocations=38 (full 0):
 garbage-first heap   total 254976K, used 102488K [0x0000000080000000, 0x0000000100000000)
  region size 1024K, 12 young (12288K), 12 survivors (12288K)
 Metaspace       used 113634K, committed 115840K, reserved 1179648K
  class space    used 14933K, committed 16064K, reserved 1048576K
}
Event: 164.740 GC heap before
{Heap before GC invocations=38 (full 0):
 garbage-first heap   total 254976K, used 187480K [0x0000000080000000, 0x0000000100000000)
  region size 1024K, 97 young (99328K), 12 survivors (12288K)
 Metaspace       used 119046K, committed 121344K, reserved 1179648K
  class space    used 15621K, committed 16832K, reserved 1048576K
}
Event: 164.747 GC heap after
{Heap after GC invocations=39 (full 0):
 garbage-first heap   total 254976K, used 107370K [0x0000000080000000, 0x0000000100000000)
  region size 1024K, 12 young (12288K), 12 survivors (12288K)
 Metaspace       used 119046K, committed 121344K, reserved 1179648K
  class space    used 15621K, committed 16832K, reserved 1048576K
}
Event: 165.663 GC heap before
{Heap before GC invocations=40 (full 0):
 garbage-first heap   total 254976K, used 229226K [0x0000000080000000, 0x0000000100000000)
  region size 1024K, 127 young (130048K), 12 survivors (12288K)
 Metaspace       used 124880K, committed 127168K, reserved 1179648K
  class space    used 16465K, committed 17664K, reserved 1048576K
}
Event: 165.671 GC heap after
{Heap after GC invocations=41 (full 0):
 garbage-first heap   total 254976K, used 115659K [0x0000000080000000, 0x0000000100000000)
  region size 1024K, 15 young (15360K), 15 survivors (15360K)
 Metaspace       used 124880K, committed 127168K, reserved 1179648K
  class space    used 16465K, committed 17664K, reserved 1048576K
}

