# JRE version: OpenJDK Runtime Environment (21.0.3) (build 21.0.3+-12282718-b509.11)
# Java VM: OpenJDK 64-Bit Server VM (21.0.3+-12282718-b509.11, mixed mode, tiered, compressed oops, compressed class ptrs, g1 gc, windows-amd64)
GC Precious Log:
 CardTable entry size: 512
 Card Set container configuration: InlinePtr #cards 5 size 8 Array Of Cards #cards 12 size 40 Howl #buckets 4 coarsen threshold 1843 Howl Bitmap #cards 512 size 80 coarsen threshold 460 Card regions per heap region 1 cards per card region 2048
 CPUs: 16 total, 16 available
 Memory: 15789M
 Large Page Support: Disabled
 NUMA Support: Disabled
 Compressed Oops: Enabled (32-bit)
 Heap Region Size: 1M
 Heap Min Capacity: 8M
 Heap Initial Capacity: 248M
 Heap Max Capacity: 2G
 Pre-touch: Disabled
 Parallel Workers: 13
 Concurrent Workers: 3
 Concurrent Refinement Workers: 13
 Periodic GC: Disabled
Heap:
 garbage-first heap   total 335872K, used 258198K [0x0000000080000000, 0x0000000100000000)
  region size 1024K, 137 young (140288K), 14 survivors (14336K)
 Metaspace       used 140970K, committed 143488K, reserved 1179648K
  class space    used 18605K, committed 19904K, reserved 1048576K
GC Heap History (20 events):
Event: 13.627 GC heap before
{Heap before GC invocations=34 (full 0):
 garbage-first heap   total 147456K, used 99433K [0x0000000080000000, 0x0000000100000000)
  region size 1024K, 18 young (18432K), 7 survivors (7168K)
 Metaspace       used 112058K, committed 114240K, reserved 1179648K
  class space    used 15255K, committed 16320K, reserved 1048576K
}
Event: 13.631 GC heap after
{Heap after GC invocations=35 (full 0):
 garbage-first heap   total 147456K, used 92223K [0x0000000080000000, 0x0000000100000000)
  region size 1024K, 4 young (4096K), 4 survivors (4096K)
 Metaspace       used 112058K, committed 114240K, reserved 1179648K
  class space    used 15255K, committed 16320K, reserved 1048576K
}
Event: 14.316 GC heap before
{Heap before GC invocations=36 (full 0):
 garbage-first heap   total 167936K, used 136255K [0x0000000080000000, 0x0000000100000000)
  region size 1024K, 43 young (44032K), 4 survivors (4096K)
 Metaspace       used 114604K, committed 116800K, reserved 1179648K
  class space    used 15480K, committed 16576K, reserved 1048576K
}
Event: 14.320 GC heap after
{Heap after GC invocations=37 (full 0):
 garbage-first heap   total 167936K, used 96321K [0x0000000080000000, 0x0000000100000000)
  region size 1024K, 5 young (5120K), 5 survivors (5120K)
 Metaspace       used 114604K, committed 116800K, reserved 1179648K
  class space    used 15480K, committed 16576K, reserved 1048576K
}
Event: 14.845 GC heap before
{Heap before GC invocations=37 (full 0):
 garbage-first heap   total 167936K, used 150593K [0x0000000080000000, 0x0000000100000000)
  region size 1024K, 58 young (59392K), 5 survivors (5120K)
 Metaspace       used 118343K, committed 120640K, reserved 1179648K
  class space    used 16245K, committed 17408K, reserved 1048576K
}
Event: 14.854 GC heap after
{Heap after GC invocations=38 (full 0):
 garbage-first heap   total 167936K, used 100752K [0x0000000080000000, 0x0000000100000000)
  region size 1024K, 8 young (8192K), 8 survivors (8192K)
 Metaspace       used 118343K, committed 120640K, reserved 1179648K
  class space    used 16245K, committed 17408K, reserved 1048576K
}
Event: 14.990 GC heap before
{Heap before GC invocations=38 (full 0):
 garbage-first heap   total 167936K, used 148880K [0x0000000080000000, 0x0000000100000000)
  region size 1024K, 56 young (57344K), 8 survivors (8192K)
 Metaspace       used 118415K, committed 120704K, reserved 1179648K
  class space    used 16249K, committed 17408K, reserved 1048576K
}
Event: 14.996 GC heap after
{Heap after GC invocations=39 (full 0):
 garbage-first heap   total 167936K, used 104735K [0x0000000080000000, 0x0000000100000000)
  region size 1024K, 5 young (5120K), 5 survivors (5120K)
 Metaspace       used 118415K, committed 120704K, reserved 1179648K
  class space    used 16249K, committed 17408K, reserved 1048576K
}
Event: 15.114 GC heap before
{Heap before GC invocations=40 (full 0):
 garbage-first heap   total 215040K, used 149791K [0x0000000080000000, 0x0000000100000000)
  region size 1024K, 50 young (51200K), 5 survivors (5120K)
 Metaspace       used 118431K, committed 120768K, reserved 1179648K
  class space    used 16250K, committed 17408K, reserved 1048576K
}
Event: 15.118 GC heap after
{Heap after GC invocations=41 (full 0):
 garbage-first heap   total 215040K, used 106341K [0x0000000080000000, 0x0000000100000000)
  region size 1024K, 5 young (5120K), 5 survivors (5120K)
 Metaspace       used 118431K, committed 120768K, reserved 1179648K
  class space    used 16250K, committed 17408K, reserved 1048576K
}
Event: 15.377 GC heap before
{Heap before GC invocations=41 (full 0):
 garbage-first heap   total 215040K, used 192357K [0x0000000080000000, 0x0000000100000000)
  region size 1024K, 90 young (92160K), 5 survivors (5120K)
 Metaspace       used 118656K, committed 120960K, reserved 1179648K
  class space    used 16265K, committed 17408K, reserved 1048576K
}
Event: 15.383 GC heap after
{Heap after GC invocations=42 (full 0):
 garbage-first heap   total 215040K, used 108855K [0x0000000080000000, 0x0000000100000000)
  region size 1024K, 7 young (7168K), 7 survivors (7168K)
 Metaspace       used 118656K, committed 120960K, reserved 1179648K
  class space    used 16265K, committed 17408K, reserved 1048576K
}
Event: 15.933 GC heap before
{Heap before GC invocations=42 (full 0):
 garbage-first heap   total 215040K, used 194871K [0x0000000080000000, 0x0000000100000000)
  region size 1024K, 92 young (94208K), 7 survivors (7168K)
 Metaspace       used 124578K, committed 126912K, reserved 1179648K
  class space    used 16864K, committed 18048K, reserved 1048576K
}
Event: 15.938 GC heap after
{Heap after GC invocations=43 (full 0):
 garbage-first heap   total 321536K, used 109326K [0x0000000080000000, 0x0000000100000000)
  region size 1024K, 8 young (8192K), 8 survivors (8192K)
 Metaspace       used 124578K, committed 126912K, reserved 1179648K
  class space    used 16864K, committed 18048K, reserved 1048576K
}
Event: 113.411 GC heap before
{Heap before GC invocations=43 (full 0):
 garbage-first heap   total 321536K, used 246542K [0x0000000080000000, 0x0000000100000000)
  region size 1024K, 144 young (147456K), 8 survivors (8192K)
 Metaspace       used 128047K, committed 130432K, reserved 1179648K
  class space    used 17194K, committed 18432K, reserved 1048576K
}
Event: 113.425 GC heap after
{Heap after GC invocations=44 (full 0):
 garbage-first heap   total 321536K, used 120626K [0x0000000080000000, 0x0000000100000000)
  region size 1024K, 19 young (19456K), 19 survivors (19456K)
 Metaspace       used 128047K, committed 130432K, reserved 1179648K
  class space    used 17194K, committed 18432K, reserved 1048576K
}
Event: 114.526 GC heap before
{Heap before GC invocations=45 (full 0):
 garbage-first heap   total 321536K, used 308018K [0x0000000080000000, 0x0000000100000000)
  region size 1024K, 178 young (182272K), 19 survivors (19456K)
 Metaspace       used 133422K, committed 135808K, reserved 1179648K
  class space    used 17763K, committed 19008K, reserved 1048576K
}
Event: 114.539 GC heap after
{Heap after GC invocations=46 (full 0):
 garbage-first heap   total 335872K, used 126938K [0x0000000080000000, 0x0000000100000000)
  region size 1024K, 18 young (18432K), 18 survivors (18432K)
 Metaspace       used 133422K, committed 135808K, reserved 1179648K
  class space    used 17763K, committed 19008K, reserved 1048576K
}
Event: 117.261 GC heap before
{Heap before GC invocations=46 (full 0):
 garbage-first heap   total 335872K, used 297946K [0x0000000080000000, 0x0000000100000000)
  region size 1024K, 186 young (190464K), 18 survivors (18432K)
 Metaspace       used 139635K, committed 142016K, reserved 1179648K
  class space    used 18419K, committed 19648K, reserved 1048576K
}
Event: 117.281 GC heap after
{Heap after GC invocations=47 (full 0):
 garbage-first heap   total 335872K, used 133270K [0x0000000080000000, 0x0000000100000000)
  region size 1024K, 14 young (14336K), 14 survivors (14336K)
 Metaspace       used 139635K, committed 142016K, reserved 1179648K
  class space    used 18419K, committed 19648K, reserved 1048576K
}

